[debug] [2021-02-04T15:25:18.166Z] ----------------------------------------------------------------------
[debug] [2021-02-04T15:25:18.169Z] Command:       /usr/local/bin/node /usr/local/bin/firebase functions:shell
[debug] [2021-02-04T15:25:18.169Z] CLI Version:   8.9.0
[debug] [2021-02-04T15:25:18.170Z] Platform:      darwin
[debug] [2021-02-04T15:25:18.170Z] Node Version:  v14.15.0
[debug] [2021-02-04T15:25:18.181Z] Time:          Thu Feb 04 2021 16:25:18 GMT+0100 (Central European Standard Time)
[debug] [2021-02-04T15:25:18.181Z] ----------------------------------------------------------------------
[debug] [2021-02-04T15:25:18.181Z] 
[debug] [2021-02-04T15:25:18.194Z] > command requires scopes: ["email","openid","https://www.googleapis.com/auth/cloudplatformprojects.readonly","https://www.googleapis.com/auth/firebase","https://www.googleapis.com/auth/cloud-platform"]
[debug] [2021-02-04T15:25:18.195Z] > authorizing via signed-in user
[debug] [2021-02-04T15:25:18.195Z] [iam] checking project ecommerce-7a260 for permissions ["firebase.projects.get"]
[debug] [2021-02-04T15:25:18.199Z] > refreshing access token with scopes: ["email","https://www.googleapis.com/auth/cloud-platform","https://www.googleapis.com/auth/cloudplatformprojects.readonly","https://www.googleapis.com/auth/firebase","openid"]
[debug] [2021-02-04T15:25:18.199Z] >>> HTTP REQUEST POST https://www.googleapis.com/oauth2/v3/token  
 <request body omitted>
[debug] [2021-02-04T16:11:58.068Z] ----------------------------------------------------------------------
[debug] [2021-02-04T16:11:58.071Z] Command:       /usr/local/bin/node /usr/local/bin/firebase emulators:start --only functions
[debug] [2021-02-04T16:11:58.071Z] CLI Version:   8.9.0
[debug] [2021-02-04T16:11:58.071Z] Platform:      darwin
[debug] [2021-02-04T16:11:58.072Z] Node Version:  v14.15.0
[debug] [2021-02-04T16:11:58.073Z] Time:          Thu Feb 04 2021 17:11:58 GMT+0100 (Central European Standard Time)
[debug] [2021-02-04T16:11:58.074Z] ----------------------------------------------------------------------
[debug] [2021-02-04T16:11:58.074Z] 
[debug] [2021-02-04T16:11:58.089Z] > command requires scopes: ["email","openid","https://www.googleapis.com/auth/cloudplatformprojects.readonly","https://www.googleapis.com/auth/firebase","https://www.googleapis.com/auth/cloud-platform"]
[debug] [2021-02-04T16:11:58.090Z] > authorizing via signed-in user
[info] i  emulators: Starting emulators: functions {"metadata":{"emulator":{"name":"hub"},"message":"Starting emulators: functions"}}
[debug] [2021-02-04T16:11:58.140Z] [hub] writing locator at /var/folders/sy/0nks77n904dfd4sty55bhwbh0000gn/T/hub-ecommerce-7a260.json
[debug] [2021-02-04T16:11:58.181Z] defaultcredentials: writing to file /Users/hamzabellamine/.config/firebase/hamza_bellamine_gmail.com_application_default_credentials.json
[debug] [2021-02-04T16:11:58.184Z] Setting GAC to /Users/hamzabellamine/.config/firebase/hamza_bellamine_gmail.com_application_default_credentials.json {"metadata":{"emulator":{"name":"functions"},"message":"Setting GAC to /Users/hamzabellamine/.config/firebase/hamza_bellamine_gmail.com_application_default_credentials.json"}}
[warn] ⚠  functions: The following emulators are not running, calls to these services from the Functions emulator will affect production: firestore, database, hosting, pubsub {"metadata":{"emulator":{"name":"functions"},"message":"The following emulators are not running, calls to these services from the Functions emulator will affect production: \u001b[1mfirestore, database, hosting, pubsub\u001b[22m"}}
[warn] ⚠  Your requested "node" version "10" doesn't match your global version "14" {"metadata":{"emulator":{"name":"functions"},"message":"Your requested \"node\" version \"10\" doesn't match your global version \"14\""}}
[debug] [2021-02-04T16:11:58.630Z] Ignoring unsupported arg: auto_download {"metadata":{"emulator":{"name":"ui"},"message":"Ignoring unsupported arg: auto_download"}}
[debug] [2021-02-04T16:11:58.630Z] Ignoring unsupported arg: port {"metadata":{"emulator":{"name":"ui"},"message":"Ignoring unsupported arg: port"}}
[debug] [2021-02-04T16:11:58.630Z] Starting Emulator UI with command {"binary":"node","args":["/Users/hamzabellamine/.cache/firebase/emulators/ui-v1.1.1/server.bundle.js"],"optionalArgs":[],"joinArgs":false} {"metadata":{"emulator":{"name":"ui"},"message":"Starting Emulator UI with command {\"binary\":\"node\",\"args\":[\"/Users/hamzabellamine/.cache/firebase/emulators/ui-v1.1.1/server.bundle.js\"],\"optionalArgs\":[],\"joinArgs\":false}"}}
[info] i  ui: Emulator UI logging to ui-debug.log {"metadata":{"emulator":{"name":"ui"},"message":"Emulator UI logging to \u001b[1mui-debug.log\u001b[22m"}}
[debug] [2021-02-04T16:11:58.828Z] Web / API server started at http://localhost:4000
 {"metadata":{"emulator":{"name":"ui"},"message":"Web / API server started at http://localhost:4000\n"}}
[info] i  functions: Watching "/Users/hamzabellamine/code/hbellamine/ecomreact/ecomreact/functions" for Cloud Functions... {"metadata":{"emulator":{"name":"functions"},"message":"Watching \"/Users/hamzabellamine/code/hbellamine/ecomreact/ecomreact/functions\" for Cloud Functions..."}}
[debug] [2021-02-04T16:11:59.018Z] [worker-pool] addWorker(~diagnostic~) {"metadata":{"emulator":{"name":"functions"},"message":"[worker-pool] addWorker(~diagnostic~)"}}
[debug] [2021-02-04T16:11:59.019Z] [worker-pool] Adding worker with key ~diagnostic~, total=1 {"metadata":{"emulator":{"name":"functions"},"message":"[worker-pool] Adding worker with key ~diagnostic~, total=1"}}
[debug] [2021-02-04T16:11:59.019Z] [worker-pool] submitWork(triggerId=) {"metadata":{"emulator":{"name":"functions"},"message":"[worker-pool] submitWork(triggerId=)"}}
[debug] [2021-02-04T16:11:59.019Z] [worker-~diagnostic~-9553037e-8051-49ea-911c-044bff301da3]: Assigning socketPath: /var/folders/sy/0nks77n904dfd4sty55bhwbh0000gn/T/fire_emu_3224.sock {"metadata":{"emulator":{"name":"functions"},"message":"[worker-~diagnostic~-9553037e-8051-49ea-911c-044bff301da3]: Assigning socketPath: /var/folders/sy/0nks77n904dfd4sty55bhwbh0000gn/T/fire_emu_3224.sock"}}
[debug] [2021-02-04T16:11:59.020Z] [worker-~diagnostic~-9553037e-8051-49ea-911c-044bff301da3]: BUSY {"metadata":{"emulator":{"name":"functions"},"message":"[worker-~diagnostic~-9553037e-8051-49ea-911c-044bff301da3]: BUSY"}}
[debug] [2021-02-04T16:11:59.604Z] [runtime-status] [3224] Functions runtime initialized. {"cwd":"/Users/hamzabellamine/code/hbellamine/ecomreact/ecomreact/functions","node_version":"14.15.0"} {"metadata":{"emulator":{"name":"functions"},"message":"[runtime-status] [3224] Functions runtime initialized. {\"cwd\":\"/Users/hamzabellamine/code/hbellamine/ecomreact/ecomreact/functions\",\"node_version\":\"14.15.0\"}"}}
[debug] [2021-02-04T16:11:59.609Z] [runtime-status] [3224] Disabled runtime features: undefined {"metadata":{"emulator":{"name":"functions"},"message":"[runtime-status] [3224] Disabled runtime features: undefined"}}
[debug] [2021-02-04T16:11:59.613Z] [runtime-status] [3224] Resolved module firebase-admin {"declared":true,"installed":true,"version":"8.13.0","resolution":"/Users/hamzabellamine/code/hbellamine/ecomreact/ecomreact/functions/node_modules/firebase-admin/lib/index.js"} {"metadata":{"emulator":{"name":"functions"},"message":"[runtime-status] [3224] Resolved module firebase-admin {\"declared\":true,\"installed\":true,\"version\":\"8.13.0\",\"resolution\":\"/Users/hamzabellamine/code/hbellamine/ecomreact/ecomreact/functions/node_modules/firebase-admin/lib/index.js\"}"}}
[debug] [2021-02-04T16:11:59.616Z] [runtime-status] [3224] Resolved module firebase-functions {"declared":true,"installed":true,"version":"3.13.1","resolution":"/Users/hamzabellamine/code/hbellamine/ecomreact/ecomreact/functions/node_modules/firebase-functions/lib/index.js"} {"metadata":{"emulator":{"name":"functions"},"message":"[runtime-status] [3224] Resolved module firebase-functions {\"declared\":true,\"installed\":true,\"version\":\"3.13.1\",\"resolution\":\"/Users/hamzabellamine/code/hbellamine/ecomreact/ecomreact/functions/node_modules/firebase-functions/lib/index.js\"}"}}
[debug] [2021-02-04T16:11:59.619Z] [runtime-status] [3224] Resolved module firebase-functions {"declared":true,"installed":true,"version":"3.13.1","resolution":"/Users/hamzabellamine/code/hbellamine/ecomreact/ecomreact/functions/node_modules/firebase-functions/lib/index.js"} {"metadata":{"emulator":{"name":"functions"},"message":"[runtime-status] [3224] Resolved module firebase-functions {\"declared\":true,\"installed\":true,\"version\":\"3.13.1\",\"resolution\":\"/Users/hamzabellamine/code/hbellamine/ecomreact/ecomreact/functions/node_modules/firebase-functions/lib/index.js\"}"}}
[debug] [2021-02-04T16:11:59.621Z] [runtime-status] [3224] Outgoing network have been stubbed. [{"name":"http","status":"mocked"},{"name":"http","status":"mocked"},{"name":"https","status":"mocked"},{"name":"https","status":"mocked"},{"name":"net","status":"mocked"}] {"metadata":{"emulator":{"name":"functions"},"message":"[runtime-status] [3224] Outgoing network have been stubbed. [{\"name\":\"http\",\"status\":\"mocked\"},{\"name\":\"http\",\"status\":\"mocked\"},{\"name\":\"https\",\"status\":\"mocked\"},{\"name\":\"https\",\"status\":\"mocked\"},{\"name\":\"net\",\"status\":\"mocked\"}]"}}
[debug] [2021-02-04T16:11:59.623Z] [runtime-status] [3224] Resolved module firebase-functions {"declared":true,"installed":true,"version":"3.13.1","resolution":"/Users/hamzabellamine/code/hbellamine/ecomreact/ecomreact/functions/node_modules/firebase-functions/lib/index.js"} {"metadata":{"emulator":{"name":"functions"},"message":"[runtime-status] [3224] Resolved module firebase-functions {\"declared\":true,\"installed\":true,\"version\":\"3.13.1\",\"resolution\":\"/Users/hamzabellamine/code/hbellamine/ecomreact/ecomreact/functions/node_modules/firebase-functions/lib/index.js\"}"}}
[debug] [2021-02-04T16:11:59.738Z] [runtime-status] [3224] Checked functions.config() {"config":{}} {"metadata":{"emulator":{"name":"functions"},"message":"[runtime-status] [3224] Checked functions.config() {\"config\":{}}"}}
[debug] [2021-02-04T16:11:59.740Z] [runtime-status] [3224] firebase-functions has been stubbed. {"functionsResolution":{"declared":true,"installed":true,"version":"3.13.1","resolution":"/Users/hamzabellamine/code/hbellamine/ecomreact/ecomreact/functions/node_modules/firebase-functions/lib/index.js"}} {"metadata":{"emulator":{"name":"functions"},"message":"[runtime-status] [3224] firebase-functions has been stubbed. {\"functionsResolution\":{\"declared\":true,\"installed\":true,\"version\":\"3.13.1\",\"resolution\":\"/Users/hamzabellamine/code/hbellamine/ecomreact/ecomreact/functions/node_modules/firebase-functions/lib/index.js\"}}"}}
[debug] [2021-02-04T16:11:59.740Z] [runtime-status] [3224] Resolved module firebase-functions {"declared":true,"installed":true,"version":"3.13.1","resolution":"/Users/hamzabellamine/code/hbellamine/ecomreact/ecomreact/functions/node_modules/firebase-functions/lib/index.js"} {"metadata":{"emulator":{"name":"functions"},"message":"[runtime-status] [3224] Resolved module firebase-functions {\"declared\":true,\"installed\":true,\"version\":\"3.13.1\",\"resolution\":\"/Users/hamzabellamine/code/hbellamine/ecomreact/ecomreact/functions/node_modules/firebase-functions/lib/index.js\"}"}}
[debug] [2021-02-04T16:11:59.741Z] [runtime-status] [3224] Resolved module firebase-admin {"declared":true,"installed":true,"version":"8.13.0","resolution":"/Users/hamzabellamine/code/hbellamine/ecomreact/ecomreact/functions/node_modules/firebase-admin/lib/index.js"} {"metadata":{"emulator":{"name":"functions"},"message":"[runtime-status] [3224] Resolved module firebase-admin {\"declared\":true,\"installed\":true,\"version\":\"8.13.0\",\"resolution\":\"/Users/hamzabellamine/code/hbellamine/ecomreact/ecomreact/functions/node_modules/firebase-admin/lib/index.js\"}"}}
[debug] [2021-02-04T16:11:59.742Z] [runtime-status] [3224] Resolved module firebase-functions {"declared":true,"installed":true,"version":"3.13.1","resolution":"/Users/hamzabellamine/code/hbellamine/ecomreact/ecomreact/functions/node_modules/firebase-functions/lib/index.js"} {"metadata":{"emulator":{"name":"functions"},"message":"[runtime-status] [3224] Resolved module firebase-functions {\"declared\":true,\"installed\":true,\"version\":\"3.13.1\",\"resolution\":\"/Users/hamzabellamine/code/hbellamine/ecomreact/ecomreact/functions/node_modules/firebase-functions/lib/index.js\"}"}}
[debug] [2021-02-04T16:11:59.743Z] [runtime-status] [3224] firebase-admin has been stubbed. {"adminResolution":{"declared":true,"installed":true,"version":"8.13.0","resolution":"/Users/hamzabellamine/code/hbellamine/ecomreact/ecomreact/functions/node_modules/firebase-admin/lib/index.js"}} {"metadata":{"emulator":{"name":"functions"},"message":"[runtime-status] [3224] firebase-admin has been stubbed. {\"adminResolution\":{\"declared\":true,\"installed\":true,\"version\":\"8.13.0\",\"resolution\":\"/Users/hamzabellamine/code/hbellamine/ecomreact/ecomreact/functions/node_modules/firebase-admin/lib/index.js\"}}"}}
[info] ✔  functions[api]: http function initialized (http://localhost:5001/ecommerce-7a260/us-central1/api). {"metadata":{"emulator":{"name":"functions"},"message":"\u001b[1mhttp\u001b[22m function initialized (http://localhost:5001/ecommerce-7a260/us-central1/api)."}}
[info] 
┌───────────────────────────────────────────────────────────────────────┐
│ ✔  All emulators ready! View status and logs at http://localhost:4000 │
└───────────────────────────────────────────────────────────────────────┘

┌───────────┬────────────────┬─────────────────────────────────┐
│ Emulator  │ Host:Port      │ View in Emulator UI             │
├───────────┼────────────────┼─────────────────────────────────┤
│ Functions │ localhost:5001 │ http://localhost:4000/functions │
└───────────┴────────────────┴─────────────────────────────────┘
  Other reserved ports: 4400, 4500

Issues? Report them at https://github.com/firebase/firebase-tools/issues and attach the *-debug.log files.
 
[debug] [2021-02-04T16:12:00.049Z] [worker-~diagnostic~-9553037e-8051-49ea-911c-044bff301da3]: IDLE {"metadata":{"emulator":{"name":"functions"},"message":"[worker-~diagnostic~-9553037e-8051-49ea-911c-044bff301da3]: IDLE"}}
